0 info it worked if it ends with ok
1 verbose cli [ '/usr/local/bin/node',
1 verbose cli   '/usr/local/bin/npm',
1 verbose cli   'install',
1 verbose cli   'open',
1 verbose cli   '--save' ]
2 info using npm@3.10.9
3 info using node@v7.2.0
4 silly loadCurrentTree Starting
5 silly install loadCurrentTree
6 silly install readLocalPackageData
7 silly fetchPackageMetaData open
8 silly fetchNamedPackageData open
9 silly mapToRegistry name open
10 silly mapToRegistry using default registry
11 silly mapToRegistry registry http://registry.npmjs.org/
12 silly mapToRegistry data Result {
12 silly mapToRegistry   raw: 'open',
12 silly mapToRegistry   scope: null,
12 silly mapToRegistry   escapedName: 'open',
12 silly mapToRegistry   name: 'open',
12 silly mapToRegistry   rawSpec: '',
12 silly mapToRegistry   spec: 'latest',
12 silly mapToRegistry   type: 'tag' }
13 silly mapToRegistry uri http://registry.npmjs.org/open
14 verbose request uri http://registry.npmjs.org/open
15 verbose request no auth needed
16 info attempt registry request try #1 at 16:42:43
17 verbose request using bearer token for auth
18 verbose request id e48097f263cbb38f
19 verbose etag W/"5838848d-1d31"
20 verbose lastModified Fri, 25 Nov 2016 18:35:57 GMT
21 http request GET http://registry.npmjs.org/open
22 http 304 http://registry.npmjs.org/open
23 verbose headers { server: 'nginx/1.10.1',
23 verbose headers   'last-modified': 'Fri, 25 Nov 2016 18:35:57 GMT',
23 verbose headers   etag: '"5838848d-1d31"',
23 verbose headers   'cache-control': 'max-age=300',
23 verbose headers   'accept-ranges': 'bytes',
23 verbose headers   date: 'Sun, 04 Dec 2016 08:42:37 GMT',
23 verbose headers   via: '1.1 varnish',
23 verbose headers   connection: 'keep-alive',
23 verbose headers   'x-served-by': 'cache-hkg6824-HKG',
23 verbose headers   'x-cache': 'MISS',
23 verbose headers   'x-cache-hits': '0',
23 verbose headers   'x-timer': 'S1480840957.496462,VS0,VE187',
23 verbose headers   vary: 'Accept-Encoding' }
24 silly get cb [ 304,
24 silly get   { server: 'nginx/1.10.1',
24 silly get     'last-modified': 'Fri, 25 Nov 2016 18:35:57 GMT',
24 silly get     etag: '"5838848d-1d31"',
24 silly get     'cache-control': 'max-age=300',
24 silly get     'accept-ranges': 'bytes',
24 silly get     date: 'Sun, 04 Dec 2016 08:42:37 GMT',
24 silly get     via: '1.1 varnish',
24 silly get     connection: 'keep-alive',
24 silly get     'x-served-by': 'cache-hkg6824-HKG',
24 silly get     'x-cache': 'MISS',
24 silly get     'x-cache-hits': '0',
24 silly get     'x-timer': 'S1480840957.496462,VS0,VE187',
24 silly get     vary: 'Accept-Encoding' } ]
25 verbose etag http://registry.npmjs.org/open from cache
26 verbose get saving open to /Users/yangnengkang/.npm/registry.npmjs.org/open/.cache.json
27 verbose correctMkdir /Users/yangnengkang/.npm correctMkdir not in flight; initializing
28 silly install normalizeTree
29 silly loadCurrentTree Finishing
30 silly loadIdealTree Starting
31 silly install loadIdealTree
32 silly cloneCurrentTree Starting
33 silly install cloneCurrentTreeToIdealTree
34 silly cloneCurrentTree Finishing
35 silly loadShrinkwrap Starting
36 silly install loadShrinkwrap
37 silly loadShrinkwrap Finishing
38 silly loadAllDepsIntoIdealTree Starting
39 silly install loadAllDepsIntoIdealTree
40 silly resolveWithNewModule open@0.0.5 checking installable status
41 silly cache add args [ 'open', null ]
42 verbose cache add spec open
43 silly cache add parsed spec Result {
43 silly cache add   raw: 'open',
43 silly cache add   scope: null,
43 silly cache add   escapedName: 'open',
43 silly cache add   name: 'open',
43 silly cache add   rawSpec: '',
43 silly cache add   spec: 'latest',
43 silly cache add   type: 'tag' }
44 silly addNamed open@latest
45 verbose addNamed "latest" is being treated as a dist-tag for open
46 info addNameTag [ 'open', 'latest' ]
47 silly mapToRegistry name open
48 silly mapToRegistry using default registry
49 silly mapToRegistry registry http://registry.npmjs.org/
50 silly mapToRegistry data Result {
50 silly mapToRegistry   raw: 'open',
50 silly mapToRegistry   scope: null,
50 silly mapToRegistry   escapedName: 'open',
50 silly mapToRegistry   name: 'open',
50 silly mapToRegistry   rawSpec: '',
50 silly mapToRegistry   spec: 'latest',
50 silly mapToRegistry   type: 'tag' }
51 silly mapToRegistry uri http://registry.npmjs.org/open
52 verbose addNameTag registry:http://registry.npmjs.org/open not in flight; fetching
53 verbose get http://registry.npmjs.org/open not expired, no request
54 silly addNameTag next cb for open with tag latest
55 silly addNamed open@0.0.5
56 verbose addNamed "0.0.5" is a plain semver version for open
57 silly mapToRegistry name open
58 silly mapToRegistry using default registry
59 silly mapToRegistry registry http://registry.npmjs.org/
60 silly mapToRegistry data Result {
60 silly mapToRegistry   raw: 'open',
60 silly mapToRegistry   scope: null,
60 silly mapToRegistry   escapedName: 'open',
60 silly mapToRegistry   name: 'open',
60 silly mapToRegistry   rawSpec: '',
60 silly mapToRegistry   spec: 'latest',
60 silly mapToRegistry   type: 'tag' }
61 silly mapToRegistry uri http://registry.npmjs.org/open
62 verbose addRemoteTarball http://registry.npmjs.org/open/-/open-0.0.5.tgz not in flight; adding
63 verbose addRemoteTarball [ 'http://registry.npmjs.org/open/-/open-0.0.5.tgz',
63 verbose addRemoteTarball   '42c3e18ec95466b6bf0dc42f3a2945c3f0cad8fc' ]
64 info retry fetch attempt 1 at 16:42:43
65 info attempt registry request try #1 at 16:42:43
66 http fetch GET http://registry.npmjs.org/open/-/open-0.0.5.tgz
67 verbose request using bearer token for auth
68 http fetch 500 http://registry.npmjs.org/open/-/open-0.0.5.tgz
69 info retry will retry, error on last attempt: Error: server error 500
70 info attempt registry request try #2 at 16:42:54
71 http fetch GET http://registry.npmjs.org/open/-/open-0.0.5.tgz
72 verbose request using bearer token for auth
73 info retry will retry, error on last attempt: Error: connect ETIMEDOUT 151.101.76.162:80
74 info attempt registry request try #3 at 16:45:11
75 http fetch GET http://registry.npmjs.org/open/-/open-0.0.5.tgz
76 verbose request using bearer token for auth
77 http fetch 500 http://registry.npmjs.org/open/-/open-0.0.5.tgz
78 error fetch failed http://registry.npmjs.org/open/-/open-0.0.5.tgz
79 warn retry will retry, error on last attempt: Error: fetch failed with status code 500
80 info retry fetch attempt 2 at 16:45:23
81 info attempt registry request try #1 at 16:45:23
82 http fetch GET http://registry.npmjs.org/open/-/open-0.0.5.tgz
83 verbose request using bearer token for auth
84 http fetch 500 http://registry.npmjs.org/open/-/open-0.0.5.tgz
85 info retry will retry, error on last attempt: Error: server error 500
86 info attempt registry request try #2 at 16:45:34
87 http fetch GET http://registry.npmjs.org/open/-/open-0.0.5.tgz
88 verbose request using bearer token for auth
89 info retry will retry, error on last attempt: Error: connect ETIMEDOUT 151.101.76.162:80
90 info attempt registry request try #3 at 16:47:50
91 http fetch GET http://registry.npmjs.org/open/-/open-0.0.5.tgz
92 verbose request using bearer token for auth
93 error fetch failed http://registry.npmjs.org/open/-/open-0.0.5.tgz
94 warn retry will retry, error on last attempt: Error: connect ETIMEDOUT 151.101.76.162:80
95 info retry fetch attempt 3 at 16:50:06
96 info attempt registry request try #1 at 16:50:06
97 http fetch GET http://registry.npmjs.org/open/-/open-0.0.5.tgz
98 verbose request using bearer token for auth
99 http fetch 500 http://registry.npmjs.org/open/-/open-0.0.5.tgz
100 info retry will retry, error on last attempt: Error: server error 500
101 info attempt registry request try #2 at 16:50:16
102 http fetch GET http://registry.npmjs.org/open/-/open-0.0.5.tgz
103 verbose request using bearer token for auth
104 info retry will retry, error on last attempt: Error: connect ETIMEDOUT 151.101.76.162:80
105 info attempt registry request try #3 at 16:52:31
106 http fetch GET http://registry.npmjs.org/open/-/open-0.0.5.tgz
107 verbose request using bearer token for auth
108 http fetch 500 http://registry.npmjs.org/open/-/open-0.0.5.tgz
109 error fetch failed http://registry.npmjs.org/open/-/open-0.0.5.tgz
110 silly rollbackFailedOptional Starting
111 silly rollbackFailedOptional Finishing
112 silly runTopLevelLifecycles Finishing
113 silly install printInstalled
114 verbose stack Error: fetch failed with status code 500
114 verbose stack     at Request.<anonymous> (/usr/local/lib/node_modules/npm/node_modules/npm-registry-client/lib/fetch.js:51:14)
114 verbose stack     at emitOne (events.js:96:13)
114 verbose stack     at Request.emit (events.js:188:7)
114 verbose stack     at Request.onRequestResponse (/usr/local/lib/node_modules/npm/node_modules/request/request.js:954:10)
114 verbose stack     at emitOne (events.js:96:13)
114 verbose stack     at ClientRequest.emit (events.js:188:7)
114 verbose stack     at HTTPParser.parserOnIncomingClient [as onIncoming] (_http_client.js:473:21)
114 verbose stack     at HTTPParser.parserOnHeadersComplete (_http_common.js:99:23)
114 verbose stack     at Socket.socketOnData (_http_client.js:362:20)
114 verbose stack     at emitOne (events.js:96:13)
115 verbose cwd /Users/yangnengkang/workSpace/code/exec/weui
116 error Darwin 16.1.0
117 error argv "/usr/local/bin/node" "/usr/local/bin/npm" "install" "open" "--save"
118 error node v7.2.0
119 error npm  v3.10.9
120 error fetch failed with status code 500
121 error If you need help, you may report this error at:
121 error     <https://github.com/npm/npm/issues>
122 verbose exit [ 1, true ]
